2024/08/20 18:13:56.126698 [repository.GetUserByID] Failed to fetch user by ID 1: record not found
2024/08/20 18:13:56.127214 [controllers.GetUserByID] Client IP: ::1 - Error retrieving user with ID 1: record not found
2024/08/20 18:15:36.542985 [repository.GetUserByUserName] Failed to fetch user by username shyn1ck: record not found
2024/08/20 18:20:01.254419 [repository.GetUserByID] Failed to fetch user by ID 0: record not found
2024/08/20 18:20:01.254577 [controllers.UpdateUser] Client IP: ::1 - Error updating user with ID 0: record not found
2024/08/20 18:24:43.869787 [repository.GetUserByUserName] Failed to fetch user by username hypar: record not found
2024/08/20 18:24:43.870046 [controllers.CreateUser] Client IP: ::1 - Error creating user hypar: password must be at least 8 characters long
2024/08/20 18:25:02.802141 [repository.GetUserByUserName] Failed to fetch user by username hypar: record not found
2024/08/20 18:26:22.181764 [repository.GetUserByID] Failed to fetch user by ID 0: record not found
2024/08/20 18:26:22.181769 [controllers.UpdateUser] Client IP: ::1 - Error updating user with ID 0: record not found
2024/08/20 18:26:33.410686 [repository.GetUserByID] Failed to fetch user by ID 0: record not found
2024/08/20 18:26:33.410686 [controllers.UpdateUser] Client IP: ::1 - Error updating user with ID 0: record not found
2024/08/20 18:29:02.653066 [repository.GetUserByID] Failed to fetch user by ID 0: record not found
2024/08/20 18:29:02.653066 [controllers.UpdateUser] Client IP: ::1 - Error updating user with ID 0: record not found
2024/08/20 18:30:06.387687 [repository.DeleteUser] Failed to soft delete user with ID 2: ОШИБКА: столбец "is_deleted" в таблице "users" не существует (SQLSTATE 42703)
2024/08/20 18:30:06.388207 [controllers.DeleteUser] Client IP: ::1 - Error soft deleting user with ID 2: ОШИБКА: столбец "is_deleted" в таблице "users" не существует (SQLSTATE 42703)
2024/08/20 18:34:01.999043 [controllers.UpdateUserPassword] Client IP: ::1 - Error updating password for user with ID 1: password must be at least 8 characters long
2024/08/20 18:34:09.387286 [controllers.UpdateUserPassword] Client IP: ::1 - Error updating password for user with ID 1: password must be at least 8 characters long
2024/08/20 18:36:15.913623 [controllers.UpdateUserPassword] Client IP: ::1 - Error updating password for user with ID 1: password must be at least 8 characters long
2024/08/20 18:36:26.490572 [controllers.UpdateUserPassword] Client IP: ::1 - Error updating password for user with ID 2: password must be at least 8 characters long
